#
# A fatal error has been detected by the Java Runtime Environment:
#
#  SIGSEGV (0xb) at pc=0x00007f3f3e102564, pid=10770, tid=139909186770688
#
# JRE version: Java(TM) SE Runtime Environment (8.0_74-b02) (build 1.8.0_74-b02)
# Java VM: Java HotSpot(TM) 64-Bit Server VM (25.74-b02 mixed mode linux-amd64 compressed oops)
# Problematic frame:
# V  [libjvm.so+0x8a6564]  Method::checked_resolve_jmethod_id(_jmethodID*)+0x34
#
# Failed to write core dump. Core dumps have been disabled. To enable core dumping, try "ulimit -c unlimited" before starting Java again
#
# If you would like to submit a bug report, please visit:
#   http://bugreport.java.com/bugreport/crash.jsp
#

---------------  T H R E A D  ---------------

Current thread (0x00007f3f380c6800):  JavaThread "JDWP Transport Listener: dt_socket" daemon [_thread_in_vm, id=10783, stack(0x00007f3f2550d000,0x00007f3f2560e000)]

siginfo: si_signo: 11 (SIGSEGV), si_code: 1 (SEGV_MAPERR), si_addr: 0x0000000000000030

Registers:
RAX=0x0000000000000020, RBX=0x00007f3efc006010, RCX=0x00007f3f3f234320, RDX=0x00007f3f3e8117a0
RSP=0x00007f3f2560c910, RBP=0x00007f3f2560c920, RSI=0x00007f3f380c6800, RDI=0x00007f3efc006010
R8 =0x0000000000000000, R9 =0x00007f3efc005920, R10=0x0000000000000030, R11=0x00007f3f3e9c3c70
R12=0x0000000000000017, R13=0x00007f3efc0035e0, R14=0x00007f3f380c6800, R15=0x00007f3f2560ca27
RIP=0x00007f3f3e102564, EFLAGS=0x0000000000010212, CSGSFS=0x0000000000000033, ERR=0x0000000000000004
  TRAPNO=0x000000000000000e

Top of Stack: (sp=0x00007f3f2560c910)
0x00007f3f2560c910:   0000000000000074 00007f3f38003d60
0x00007f3f2560c920:   00007f3f2560c990 00007f3f3df92cae
0x00007f3f2560c930:   0000000000000073 00007f3f2560c940
0x00007f3f2560c940:   00007f3f380c6800 0000000000000000
0x00007f3f2560c950:   00007f3f00000000 0000000000000000
0x00007f3f2560c960:   00007f3f2560c980 00007f3f3cf12e40
0x00007f3f2560c970:   00007f3efc0035e0 00007f3f2560ca27
0x00007f3f2560c980:   0000000000000004 00007f3f2560ca27
0x00007f3f2560c990:   00007f3f2560c9c0 00007f3f3ccfe8c2
0x00007f3f2560c9a0:   00007f3f2560c9c0 00007f3efc0035e0
0x00007f3f2560c9b0:   00007f3f2560ca90 0000000000000020
0x00007f3f2560c9c0:   00007f3f2560ca50 00007f3f3ccdfaa0
0x00007f3f2560c9d0:   00007f3f2560ca08 00007f3f2560ca00
0x00007f3f2560c9e0:   00007f3f2560c9f8 00007f3f2560ca1c
0x00007f3f2560c9f0:   00000001fc00e0f0 0000000000000000
0x00007f3f2560ca00:   0000000000000000 0000000000000000
0x00007f3f2560ca10:   00007f3efc006080 0000000a2560ca90
0x00007f3f2560ca20:   0000000000000006 0000000000000002
0x00007f3f2560ca30:   000000000000000f 0000000000000002
0x00007f3f2560ca40:   00000000000f0200 000000000000000f
0x00007f3f2560ca50:   00007f3f2560cca0 00007f3f3ccea9c6
0x00007f3f2560ca60:   00013a5e00000013 00007f3f3d0f0200
0x00007f3f2560ca70:   00007f3ef4000fb0 0000000000000000
0x00007f3f2560ca80:   00007f3f2560ca90 00007f3f2560cc20
0x00007f3f2560ca90:   00007f3efc005d5b 00007f3f0000023d
0x00007f3f2560caa0:   00007f3efc009d70 000000000000012c
0x00007f3f2560cab0:   00007f3f2560cae0 00007f3efc009d70
0x00007f3f2560cac0:   00007f0000000000 00013a5e00000030
0x00007f3f2560cad0:   00007f3f0000cc80 00007f3f2560cae0
0x00007f3f2560cae0:   3e7f000006000000 06000000e82e00fc
0x00007f3f2560caf0:   00003e74696e693c 0000005629280300
0x00007f3f2560cb00:   7f00000100000000 000000705400fc3e 

Instructions: (pc=0x00007f3f3e102564)
0x00007f3f3e102544:   83 c4 08 5b c9 c3 66 0f 1f 44 00 00 48 8b 1f 48
0x00007f3f3e102554:   85 db 74 e6 48 83 fb 37 74 e0 48 8b 03 48 89 df
0x00007f3f3e102564:   ff 50 10 84 c0 0f 1f 80 00 00 00 00 75 ce 66 0f
0x00007f3f3e102574:   1f 44 00 00 eb c4 66 0f 1f 44 00 00 55 48 89 e5 

Register to memory mapping:

RAX=0x0000000000000020 is an unknown value
RBX=0x00007f3efc006010 is an unknown value
RCX=0x00007f3f3f234320: <offset 0x219320> in /lib/x86_64-linux-gnu/libpthread.so.0 at 0x00007f3f3f01b000
RDX=0x00007f3f3e8117a0: <offset 0xfb57a0> in /usr/lib/jvm/java-8-oracle/jre/lib/amd64/server/libjvm.so at 0x00007f3f3d85c000
RSP=0x00007f3f2560c910 is pointing into the stack for thread: 0x00007f3f380c6800
RBP=0x00007f3f2560c920 is pointing into the stack for thread: 0x00007f3f380c6800
RSI=0x00007f3f380c6800 is a thread
RDI=0x00007f3efc006010 is an unknown value
R8 =0x0000000000000000 is an unknown value
R9 =0x00007f3efc005920 is an unknown value
R10=0x0000000000000030 is an unknown value
R11=0x00007f3f3e9c3c70: <offset 0x187c70> in /lib/x86_64-linux-gnu/libc.so.6 at 0x00007f3f3e83c000
R12=0x0000000000000017 is an unknown value
R13=0x00007f3efc0035e0 is an unknown value
R14=0x00007f3f380c6800 is a thread
R15=0x00007f3f2560ca27 is pointing into the stack for thread: 0x00007f3f380c6800


Stack: [0x00007f3f2550d000,0x00007f3f2560e000],  sp=0x00007f3f2560c910,  free space=1022k
Native frames: (J=compiled Java code, j=interpreted, Vv=VM code, C=native code)
V  [libjvm.so+0x8a6564]  Method::checked_resolve_jmethod_id(_jmethodID*)+0x34
V  [libjvm.so+0x736cae]  jvmti_IsMethodSynthetic+0x2be
C  [libjdwp.so+0x258c2]  isMethodSynthetic+0x42
C  [libjdwp.so+0x6aa0]  methods1+0x1b0
C  [libjdwp.so+0x119c6]  debugLoop_run+0x2b6
C  [libjdwp.so+0x247ff]  attachThread+0x2f
V  [libjvm.so+0x7a3432]  JvmtiAgentThread::call_start_function()+0xc2
V  [libjvm.so+0xa69dcf]  JavaThread::thread_main_inner()+0xdf
V  [libjvm.so+0xa69efc]  JavaThread::run()+0x11c
V  [libjvm.so+0x91d9d8]  java_start(Thread*)+0x108
C  [libpthread.so.0+0x8182]  start_thread+0xc2


---------------  P R O C E S S  ---------------

Java Threads: ( => current thread )
  0x00007f3f380dc000 JavaThread "Service Thread" daemon [_thread_blocked, id=10789, stack(0x00007f3f24f07000,0x00007f3f25008000)]
  0x00007f3f380d0800 JavaThread "C1 CompilerThread2" daemon [_thread_blocked, id=10788, stack(0x00007f3f25008000,0x00007f3f25109000)]
  0x00007f3f380cf000 JavaThread "C2 CompilerThread1" daemon [_thread_blocked, id=10787, stack(0x00007f3f25109000,0x00007f3f2520a000)]
  0x00007f3f380cc000 JavaThread "C2 CompilerThread0" daemon [_thread_blocked, id=10786, stack(0x00007f3f2520a000,0x00007f3f2530b000)]
  0x00007f3efc001000 JavaThread "JDWP Command Reader" daemon [_thread_in_native, id=10785, stack(0x00007f3f2530b000,0x00007f3f2540c000)]
  0x00007f3f380c9800 JavaThread "JDWP Event Helper Thread" daemon [_thread_blocked, id=10784, stack(0x00007f3f2540c000,0x00007f3f2550d000)]
=>0x00007f3f380c6800 JavaThread "JDWP Transport Listener: dt_socket" daemon [_thread_in_vm, id=10783, stack(0x00007f3f2550d000,0x00007f3f2560e000)]
  0x00007f3f380ba000 JavaThread "Signal Dispatcher" daemon [_thread_blocked, id=10780, stack(0x00007f3f25812000,0x00007f3f25913000)]
  0x00007f3f38087800 JavaThread "Finalizer" daemon [_thread_blocked, id=10779, stack(0x00007f3f25913000,0x00007f3f25a14000)]
  0x00007f3f38083000 JavaThread "Reference Handler" daemon [_thread_blocked, id=10778, stack(0x00007f3f25a14000,0x00007f3f25b15000)]
  0x00007f3f3800d800 JavaThread "main" [_thread_blocked, id=10772, stack(0x00007f3f3f33b000,0x00007f3f3f43c000)]

Other Threads:
  0x00007f3f3807b800 VMThread [stack: 0x00007f3f25b15000,0x00007f3f25c16000] [id=10777]
  0x00007f3f380df000 WatcherThread [stack: 0x00007f3f24e06000,0x00007f3f24f07000] [id=10790]

VM state:not at safepoint (normal execution)

VM Mutex/Monitor currently owned by a thread: None

Heap:
 PSYoungGen      total 36352K, used 2498K [0x00000000d7900000, 0x00000000da180000, 0x0000000100000000)
  eden space 31232K, 8% used [0x00000000d7900000,0x00000000d7b70a60,0x00000000d9780000)
  from space 5120K, 0% used [0x00000000d9c80000,0x00000000d9c80000,0x00000000da180000)
  to   space 5120K, 0% used [0x00000000d9780000,0x00000000d9780000,0x00000000d9c80000)
 ParOldGen       total 83456K, used 0K [0x0000000086a00000, 0x000000008bb80000, 0x00000000d7900000)
  object space 83456K, 0% used [0x0000000086a00000,0x0000000086a00000,0x000000008bb80000)
 Metaspace       used 2778K, capacity 4600K, committed 4864K, reserved 1056768K
  class space    used 298K, capacity 424K, committed 512K, reserved 1048576K

Card table byte_map: [0x00007f3f28027000,0x00007f3f283f3000] byte_map_base: 0x00007f3f27bf2000

Marking Bits: (ParMarkBitMap*) 0x00007f3f3e811260
 Begin Bits: [0x00007f3f1c350000, 0x00007f3f1e1a8000)
 End Bits:   [0x00007f3f1e1a8000, 0x00007f3f20000000)

Polling page: 0x00007f3f3f458000

CodeCache: size=245760Kb used=1152Kb max_used=1152Kb free=244607Kb
 bounds [0x00007f3f287b3000, 0x00007f3f28a23000, 0x00007f3f377b3000]
 total_blobs=274 nmethods=50 adapters=146
 compilation: enabled

Compilation events (10 events):
Event: 0,147 Thread 0x00007f3f380d0800   49       1       MyTupel::getUnder (5 bytes)
Event: 0,147 Thread 0x00007f3f380d0800 nmethod 49 0x00007f3f288cfdd0 code [0x00007f3f288cff20, 0x00007f3f288d0030]
Event: 0,147 Thread 0x00007f3f380d0800   50       1       Block::isClear (5 bytes)
Event: 0,147 Thread 0x00007f3f380d0800 nmethod 50 0x00007f3f288d0090 code [0x00007f3f288d01e0, 0x00007f3f288d02f0]
Event: 0,147 Thread 0x00007f3f380d0800   43  s    3       sun.misc.URLClassPath::getNextLoader (88 bytes)
Event: 0,147 Thread 0x00007f3f380d0800 nmethod 43 0x00007f3f288d0350 code [0x00007f3f288d0540, 0x00007f3f288d0de8]
Event: 0,147 Thread 0x00007f3f380d0800   45   !   3       sun.misc.URLClassPath$JarLoader::getResource (85 bytes)
Event: 0,149 Thread 0x00007f3f380d0800 nmethod 45 0x00007f3f288d12d0 code [0x00007f3f288d1580, 0x00007f3f288d2598]
Event: 0,149 Thread 0x00007f3f380d0800   46       1       java.net.URL::getHost (5 bytes)
Event: 0,149 Thread 0x00007f3f380d0800 nmethod 46 0x00007f3f288d2fd0 code [0x00007f3f288d3120, 0x00007f3f288d3230]

GC Heap History (0 events):
No events

Deoptimization events (0 events):
No events

Internal exceptions (2 events):
Event: 0,045 Thread 0x00007f3f3800d800 Exception <a 'java/lang/NoSuchMethodError': Method sun.misc.Unsafe.defineClass(Ljava/lang/String;[BII)Ljava/lang/Class; name or signature does not match> (0x00000000d7907cc0) thrown at [/HUDSON3/workspace/8-2-build-linux-amd64/jdk8u74/6087/hotspot/src/sha
Event: 0,045 Thread 0x00007f3f3800d800 Exception <a 'java/lang/NoSuchMethodError': Method sun.misc.Unsafe.prefetchRead(Ljava/lang/Object;J)V name or signature does not match> (0x00000000d7907fa8) thrown at [/HUDSON3/workspace/8-2-build-linux-amd64/jdk8u74/6087/hotspot/src/share/vm/prims/jni.cp

Events (10 events):
Event: 636,644 Executing VM operation: ChangeBreakpoints
Event: 636,644 Executing VM operation: ChangeBreakpoints done
Event: 636,644 Executing VM operation: ChangeBreakpoints
Event: 636,644 Executing VM operation: ChangeBreakpoints done
Event: 636,644 Executing VM operation: ChangeBreakpoints
Event: 636,644 Executing VM operation: ChangeBreakpoints done
Event: 636,645 Executing VM operation: ChangeBreakpoints
Event: 636,645 Executing VM operation: ChangeBreakpoints done
Event: 636,646 Executing VM operation: RedefineClasses
Event: 636,647 Executing VM operation: RedefineClasses done


Dynamic libraries:
00400000-00401000 r-xp 00000000 08:07 2239862                            /usr/lib/jvm/java-8-oracle/bin/java
00600000-00601000 rw-p 00000000 08:07 2239862                            /usr/lib/jvm/java-8-oracle/bin/java
00e32000-00e53000 rw-p 00000000 00:00 0                                  [heap]
86a00000-8bb80000 rw-p 00000000 00:00 0 
8bb80000-d7900000 ---p 00000000 00:00 0 
d7900000-da180000 rw-p 00000000 00:00 0 
da180000-100000000 ---p 00000000 00:00 0 
100000000-100080000 rw-p 00000000 00:00 0 
100080000-140000000 ---p 00000000 00:00 0 
7f3ed8000000-7f3ed8021000 rw-p 00000000 00:00 0 
7f3ed8021000-7f3edc000000 ---p 00000000 00:00 0 
7f3ee0000000-7f3ee0071000 rw-p 00000000 00:00 0 
7f3ee0071000-7f3ee4000000 ---p 00000000 00:00 0 
7f3ee4000000-7f3ee4021000 rw-p 00000000 00:00 0 
7f3ee4021000-7f3ee8000000 ---p 00000000 00:00 0 
7f3ee8000000-7f3ee8066000 rw-p 00000000 00:00 0 
7f3ee8066000-7f3eec000000 ---p 00000000 00:00 0 
7f3eec000000-7f3eec021000 rw-p 00000000 00:00 0 
7f3eec021000-7f3ef0000000 ---p 00000000 00:00 0 
7f3ef0000000-7f3ef0021000 rw-p 00000000 00:00 0 
7f3ef0021000-7f3ef4000000 ---p 00000000 00:00 0 
7f3ef4000000-7f3ef4021000 rw-p 00000000 00:00 0 
7f3ef4021000-7f3ef8000000 ---p 00000000 00:00 0 
7f3ef8000000-7f3ef8021000 rw-p 00000000 00:00 0 
7f3ef8021000-7f3efc000000 ---p 00000000 00:00 0 
7f3efc000000-7f3efc029000 rw-p 00000000 00:00 0 
7f3efc029000-7f3f00000000 ---p 00000000 00:00 0 
7f3f00000000-7f3f00021000 rw-p 00000000 00:00 0 
7f3f00021000-7f3f04000000 ---p 00000000 00:00 0 
7f3f04000000-7f3f04021000 rw-p 00000000 00:00 0 
7f3f04021000-7f3f08000000 ---p 00000000 00:00 0 
7f3f08000000-7f3f08021000 rw-p 00000000 00:00 0 
7f3f08021000-7f3f0c000000 ---p 00000000 00:00 0 
7f3f0c000000-7f3f0c021000 rw-p 00000000 00:00 0 
7f3f0c021000-7f3f10000000 ---p 00000000 00:00 0 
7f3f10000000-7f3f10021000 rw-p 00000000 00:00 0 
7f3f10021000-7f3f14000000 ---p 00000000 00:00 0 
7f3f18000000-7f3f18021000 rw-p 00000000 00:00 0 
7f3f18021000-7f3f1c000000 ---p 00000000 00:00 0 
7f3f1c350000-7f3f20000000 rw-p 00000000 00:00 0 
7f3f20000000-7f3f20021000 rw-p 00000000 00:00 0 
7f3f20021000-7f3f24000000 ---p 00000000 00:00 0 
7f3f24b44000-7f3f24dca000 rw-p 00000000 00:00 0 
7f3f24dca000-7f3f24dd0000 r--s 002f8000 08:07 2230559                    /usr/lib/jvm/java-8-oracle/jre/lib/charsets.jar
7f3f24dd0000-7f3f24dd9000 r--s 0006c000 08:07 2230496                    /usr/lib/jvm/java-8-oracle/jre/lib/javaws.jar
7f3f24dd9000-7f3f24deb000 r--s 00345000 08:07 2230467                    /usr/lib/jvm/java-8-oracle/jre/lib/resources.jar
7f3f24deb000-7f3f24e06000 r--s 00208000 08:07 2230333                    /usr/lib/jvm/java-8-oracle/jre/lib/deploy.jar
7f3f24e06000-7f3f24e07000 ---p 00000000 00:00 0 
7f3f24e07000-7f3f24f07000 rw-p 00000000 00:00 0                          [stack:10790]
7f3f24f07000-7f3f24f0a000 ---p 00000000 00:00 0 
7f3f24f0a000-7f3f25008000 rw-p 00000000 00:00 0                          [stack:10789]
7f3f25008000-7f3f2500b000 ---p 00000000 00:00 0 
7f3f2500b000-7f3f25109000 rw-p 00000000 00:00 0                          [stack:10788]
7f3f25109000-7f3f2510c000 ---p 00000000 00:00 0 
7f3f2510c000-7f3f2520a000 rw-p 00000000 00:00 0                          [stack:10787]
7f3f2520a000-7f3f2520d000 ---p 00000000 00:00 0 
7f3f2520d000-7f3f2530b000 rw-p 00000000 00:00 0                          [stack:10786]
7f3f2530b000-7f3f2530e000 ---p 00000000 00:00 0 
7f3f2530e000-7f3f2540c000 rw-p 00000000 00:00 0                          [stack:10785]
7f3f2540c000-7f3f2540f000 ---p 00000000 00:00 0 
7f3f2540f000-7f3f2550d000 rw-p 00000000 00:00 0                          [stack:10784]
7f3f2550d000-7f3f25510000 ---p 00000000 00:00 0 
7f3f25510000-7f3f2560e000 rw-p 00000000 00:00 0                          [stack:10783]
7f3f2560e000-7f3f25612000 r-xp 00000000 08:07 2230360                    /usr/lib/jvm/java-8-oracle/jre/lib/amd64/libdt_socket.so
7f3f25612000-7f3f25811000 ---p 00004000 08:07 2230360                    /usr/lib/jvm/java-8-oracle/jre/lib/amd64/libdt_socket.so
7f3f25811000-7f3f25812000 rw-p 00003000 08:07 2230360                    /usr/lib/jvm/java-8-oracle/jre/lib/amd64/libdt_socket.so
7f3f25812000-7f3f25815000 ---p 00000000 00:00 0 
7f3f25815000-7f3f25913000 rw-p 00000000 00:00 0                          [stack:10780]
7f3f25913000-7f3f25916000 ---p 00000000 00:00 0 
7f3f25916000-7f3f25a14000 rw-p 00000000 00:00 0                          [stack:10779]
7f3f25a14000-7f3f25a17000 ---p 00000000 00:00 0 
7f3f25a17000-7f3f25b15000 rw-p 00000000 00:00 0                          [stack:10778]
7f3f25b15000-7f3f25b16000 ---p 00000000 00:00 0 
7f3f25b16000-7f3f26bf8000 rw-p 00000000 00:00 0                          [stack:10777]
7f3f26bf8000-7f3f26dd0000 r--s 03d1d000 08:07 2230437                    /usr/lib/jvm/java-8-oracle/jre/lib/rt.jar
7f3f26dd0000-7f3f27210000 rw-p 00000000 00:00 0 
7f3f27210000-7f3f275d0000 ---p 00000000 00:00 0 
7f3f275d0000-7f3f2799b000 rw-p 00000000 00:00 0 
7f3f2799b000-7f3f2799c000 ---p 00000000 00:00 0 
7f3f2799c000-7f3f27a9c000 rw-p 00000000 00:00 0                          [stack:10776]
7f3f27a9c000-7f3f27a9d000 ---p 00000000 00:00 0 
7f3f27a9d000-7f3f27b9d000 rw-p 00000000 00:00 0                          [stack:10775]
7f3f27b9d000-7f3f27b9e000 ---p 00000000 00:00 0 
7f3f27b9e000-7f3f27c9e000 rw-p 00000000 00:00 0                          [stack:10774]
7f3f27c9e000-7f3f27c9f000 ---p 00000000 00:00 0 
7f3f27c9f000-7f3f27dc8000 rw-p 00000000 00:00 0                          [stack:10773]
7f3f27dc8000-7f3f28027000 ---p 00000000 00:00 0 
7f3f28027000-7f3f28050000 rw-p 00000000 00:00 0 
7f3f28050000-7f3f282ae000 ---p 00000000 00:00 0 
7f3f282ae000-7f3f282c3000 rw-p 00000000 00:00 0 
7f3f282c3000-7f3f283f2000 ---p 00000000 00:00 0 
7f3f283f2000-7f3f283fd000 rw-p 00000000 00:00 0 
7f3f283fd000-7f3f287b3000 ---p 00000000 00:00 0 
7f3f287b3000-7f3f28a23000 rwxp 00000000 00:00 0 
7f3f28a23000-7f3f377b3000 ---p 00000000 00:00 0 
7f3f377b3000-7f3f377cd000 r-xp 00000000 08:07 2230364                    /usr/lib/jvm/java-8-oracle/jre/lib/amd64/libzip.so
7f3f377cd000-7f3f379cd000 ---p 0001a000 08:07 2230364                    /usr/lib/jvm/java-8-oracle/jre/lib/amd64/libzip.so
7f3f379cd000-7f3f379ce000 rw-p 0001a000 08:07 2230364                    /usr/lib/jvm/java-8-oracle/jre/lib/amd64/libzip.so
7f3f379ce000-7f3f379d9000 r-xp 00000000 08:07 393604                     /lib/x86_64-linux-gnu/libnss_files-2.19.so
7f3f379d9000-7f3f37bd8000 ---p 0000b000 08:07 393604                     /lib/x86_64-linux-gnu/libnss_files-2.19.so
7f3f37bd8000-7f3f37bd9000 r--p 0000a000 08:07 393604                     /lib/x86_64-linux-gnu/libnss_files-2.19.so
7f3f37bd9000-7f3f37bda000 rw-p 0000b000 08:07 393604                     /lib/x86_64-linux-gnu/libnss_files-2.19.so
7f3f37bda000-7f3f37be5000 r-xp 00000000 08:07 393592                     /lib/x86_64-linux-gnu/libnss_nis-2.19.so
7f3f37be5000-7f3f37de4000 ---p 0000b000 08:07 393592                     /lib/x86_64-linux-gnu/libnss_nis-2.19.so
7f3f37de4000-7f3f37de5000 r--p 0000a000 08:07 393592                     /lib/x86_64-linux-gnu/libnss_nis-2.19.so
7f3f37de5000-7f3f37de6000 rw-p 0000b000 08:07 393592                     /lib/x86_64-linux-gnu/libnss_nis-2.19.so
7f3f37de6000-7f3f37dfd000 r-xp 00000000 08:07 393586                     /lib/x86_64-linux-gnu/libnsl-2.19.so
7f3f37dfd000-7f3f37ffc000 ---p 00017000 08:07 393586                     /lib/x86_64-linux-gnu/libnsl-2.19.so
7f3f37ffc000-7f3f37ffd000 r--p 00016000 08:07 393586                     /lib/x86_64-linux-gnu/libnsl-2.19.so
7f3f37ffd000-7f3f37ffe000 rw-p 00017000 08:07 393586                     /lib/x86_64-linux-gnu/libnsl-2.19.so
7f3f37ffe000-7f3f38000000 rw-p 00000000 00:00 0 
7f3f38000000-7f3f38150000 rw-p 00000000 00:00 0 
7f3f38150000-7f3f3c000000 ---p 00000000 00:00 0 
7f3f3c000000-7f3f3c076000 rw-p 00000000 00:00 0 
7f3f3c076000-7f3f3c07f000 r-xp 00000000 08:07 393585                     /lib/x86_64-linux-gnu/libnss_compat-2.19.so
7f3f3c07f000-7f3f3c27e000 ---p 00009000 08:07 393585                     /lib/x86_64-linux-gnu/libnss_compat-2.19.so
7f3f3c27e000-7f3f3c27f000 r--p 00008000 08:07 393585                     /lib/x86_64-linux-gnu/libnss_compat-2.19.so
7f3f3c27f000-7f3f3c280000 rw-p 00009000 08:07 393585                     /lib/x86_64-linux-gnu/libnss_compat-2.19.so
7f3f3c280000-7f3f3cad6000 r--p 00000000 08:07 2235801                    /usr/lib/locale/locale-archive
7f3f3cad6000-7f3f3cad8000 r-xp 00000000 08:07 2230384                    /usr/lib/jvm/java-8-oracle/jre/lib/amd64/libnpt.so
7f3f3cad8000-7f3f3ccd8000 ---p 00002000 08:07 2230384                    /usr/lib/jvm/java-8-oracle/jre/lib/amd64/libnpt.so
7f3f3ccd8000-7f3f3ccd9000 rw-p 00002000 08:07 2230384                    /usr/lib/jvm/java-8-oracle/jre/lib/amd64/libnpt.so
7f3f3ccd9000-7f3f3cd12000 r-xp 00000000 08:07 2230399                    /usr/lib/jvm/java-8-oracle/jre/lib/amd64/libjdwp.so
7f3f3cd12000-7f3f3cf11000 ---p 00039000 08:07 2230399                    /usr/lib/jvm/java-8-oracle/jre/lib/amd64/libjdwp.so
7f3f3cf11000-7f3f3cf13000 rw-p 00038000 08:07 2230399                    /usr/lib/jvm/java-8-oracle/jre/lib/amd64/libjdwp.so
7f3f3cf13000-7f3f3cf3d000 r-xp 00000000 08:07 2230372                    /usr/lib/jvm/java-8-oracle/jre/lib/amd64/libjava.so
7f3f3cf3d000-7f3f3d13d000 ---p 0002a000 08:07 2230372                    /usr/lib/jvm/java-8-oracle/jre/lib/amd64/libjava.so
7f3f3d13d000-7f3f3d13f000 rw-p 0002a000 08:07 2230372                    /usr/lib/jvm/java-8-oracle/jre/lib/amd64/libjava.so
7f3f3d13f000-7f3f3d14c000 r-xp 00000000 08:07 2230370                    /usr/lib/jvm/java-8-oracle/jre/lib/amd64/libverify.so
7f3f3d14c000-7f3f3d34c000 ---p 0000d000 08:07 2230370                    /usr/lib/jvm/java-8-oracle/jre/lib/amd64/libverify.so
7f3f3d34c000-7f3f3d34e000 rw-p 0000d000 08:07 2230370                    /usr/lib/jvm/java-8-oracle/jre/lib/amd64/libverify.so
7f3f3d34e000-7f3f3d355000 r-xp 00000000 08:07 393600                     /lib/x86_64-linux-gnu/librt-2.19.so
7f3f3d355000-7f3f3d554000 ---p 00007000 08:07 393600                     /lib/x86_64-linux-gnu/librt-2.19.so
7f3f3d554000-7f3f3d555000 r--p 00006000 08:07 393600                     /lib/x86_64-linux-gnu/librt-2.19.so
7f3f3d555000-7f3f3d556000 rw-p 00007000 08:07 393600                     /lib/x86_64-linux-gnu/librt-2.19.so
7f3f3d556000-7f3f3d65b000 r-xp 00000000 08:07 393580                     /lib/x86_64-linux-gnu/libm-2.19.so
7f3f3d65b000-7f3f3d85a000 ---p 00105000 08:07 393580                     /lib/x86_64-linux-gnu/libm-2.19.so
7f3f3d85a000-7f3f3d85b000 r--p 00104000 08:07 393580                     /lib/x86_64-linux-gnu/libm-2.19.so
7f3f3d85b000-7f3f3d85c000 rw-p 00105000 08:07 393580                     /lib/x86_64-linux-gnu/libm-2.19.so
7f3f3d85c000-7f3f3e51b000 r-xp 00000000 08:07 2230357                    /usr/lib/jvm/java-8-oracle/jre/lib/amd64/server/libjvm.so
7f3f3e51b000-7f3f3e71a000 ---p 00cbf000 08:07 2230357                    /usr/lib/jvm/java-8-oracle/jre/lib/amd64/server/libjvm.so
7f3f3e71a000-7f3f3e7f3000 rw-p 00cbe000 08:07 2230357                    /usr/lib/jvm/java-8-oracle/jre/lib/amd64/server/libjvm.so
7f3f3e7f3000-7f3f3e83c000 rw-p 00000000 00:00 0 
7f3f3e83c000-7f3f3e9f7000 r-xp 00000000 08:07 393601                     /lib/x86_64-linux-gnu/libc-2.19.so
7f3f3e9f7000-7f3f3ebf6000 ---p 001bb000 08:07 393601                     /lib/x86_64-linux-gnu/libc-2.19.so
7f3f3ebf6000-7f3f3ebfa000 r--p 001ba000 08:07 393601                     /lib/x86_64-linux-gnu/libc-2.19.so
7f3f3ebfa000-7f3f3ebfc000 rw-p 001be000 08:07 393601                     /lib/x86_64-linux-gnu/libc-2.19.so
7f3f3ebfc000-7f3f3ec01000 rw-p 00000000 00:00 0 
7f3f3ec01000-7f3f3ec04000 r-xp 00000000 08:07 393582                     /lib/x86_64-linux-gnu/libdl-2.19.so
7f3f3ec04000-7f3f3ee03000 ---p 00003000 08:07 393582                     /lib/x86_64-linux-gnu/libdl-2.19.so
7f3f3ee03000-7f3f3ee04000 r--p 00002000 08:07 393582                     /lib/x86_64-linux-gnu/libdl-2.19.so
7f3f3ee04000-7f3f3ee05000 rw-p 00003000 08:07 393582                     /lib/x86_64-linux-gnu/libdl-2.19.so
7f3f3ee05000-7f3f3ee1a000 r-xp 00000000 08:07 2230601                    /usr/lib/jvm/java-8-oracle/lib/amd64/jli/libjli.so
7f3f3ee1a000-7f3f3f01a000 ---p 00015000 08:07 2230601                    /usr/lib/jvm/java-8-oracle/lib/amd64/jli/libjli.so
7f3f3f01a000-7f3f3f01b000 rw-p 00015000 08:07 2230601                    /usr/lib/jvm/java-8-oracle/lib/amd64/jli/libjli.so
7f3f3f01b000-7f3f3f034000 r-xp 00000000 08:07 393587                     /lib/x86_64-linux-gnu/libpthread-2.19.so
7f3f3f034000-7f3f3f233000 ---p 00019000 08:07 393587                     /lib/x86_64-linux-gnu/libpthread-2.19.so
7f3f3f233000-7f3f3f234000 r--p 00018000 08:07 393587                     /lib/x86_64-linux-gnu/libpthread-2.19.so
7f3f3f234000-7f3f3f235000 rw-p 00019000 08:07 393587                     /lib/x86_64-linux-gnu/libpthread-2.19.so
7f3f3f235000-7f3f3f239000 rw-p 00000000 00:00 0 
7f3f3f239000-7f3f3f25c000 r-xp 00000000 08:07 393590                     /lib/x86_64-linux-gnu/ld-2.19.so
7f3f3f25c000-7f3f3f25e000 rw-p 00000000 00:00 0 
7f3f3f25e000-7f3f3f271000 r--s 000d6000 08:07 2230455                    /usr/lib/jvm/java-8-oracle/jre/lib/plugin.jar
7f3f3f271000-7f3f3f33b000 rw-p 00000000 00:00 0 
7f3f3f33b000-7f3f3f33e000 ---p 00000000 00:00 0 
7f3f3f33e000-7f3f3f440000 rw-p 00000000 00:00 0                          [stack:10772]
7f3f3f440000-7f3f3f444000 r--s 00097000 08:07 2230572                    /usr/lib/jvm/java-8-oracle/jre/lib/jsse.jar
7f3f3f444000-7f3f3f446000 r--s 00007000 08:07 2230460                    /usr/lib/jvm/java-8-oracle/jre/lib/jfxswt.jar
7f3f3f446000-7f3f3f44b000 r--s 00084000 08:07 2230456                    /usr/lib/jvm/java-8-oracle/jre/lib/jfr.jar
7f3f3f44b000-7f3f3f44c000 r--s 00000000 08:07 2230420                    /usr/lib/jvm/java-8-oracle/jre/lib/management-agent.jar
7f3f3f44c000-7f3f3f44f000 r--s 0001a000 08:07 2230412                    /usr/lib/jvm/java-8-oracle/jre/lib/jce.jar
7f3f3f44f000-7f3f3f457000 rw-s 00000000 08:07 524476                     /tmp/hsperfdata_murat/10770
7f3f3f457000-7f3f3f458000 rw-p 00000000 00:00 0 
7f3f3f458000-7f3f3f459000 r--p 00000000 00:00 0 
7f3f3f459000-7f3f3f45b000 rw-p 00000000 00:00 0 
7f3f3f45b000-7f3f3f45c000 r--p 00022000 08:07 393590                     /lib/x86_64-linux-gnu/ld-2.19.so
7f3f3f45c000-7f3f3f45d000 rw-p 00023000 08:07 393590                     /lib/x86_64-linux-gnu/ld-2.19.so
7f3f3f45d000-7f3f3f45e000 rw-p 00000000 00:00 0 
7ffde0de1000-7ffde0e02000 rw-p 00000000 00:00 0                          [stack]
7ffde0ea8000-7ffde0eaa000 r--p 00000000 00:00 0                          [vvar]
7ffde0eaa000-7ffde0eac000 r-xp 00000000 00:00 0                          [vdso]
ffffffffff600000-ffffffffff601000 r-xp 00000000 00:00 0                  [vsyscall]

VM Arguments:
jvm_args: -agentlib:jdwp=transport=dt_socket,address=127.0.0.1:34287,suspend=y,server=n -Dfile.encoding=UTF-8 
java_command: Main
java_class_path (initial): /usr/lib/jvm/java-8-oracle/jre/lib/deploy.jar:/usr/lib/jvm/java-8-oracle/jre/lib/jce.jar:/usr/lib/jvm/java-8-oracle/jre/lib/management-agent.jar:/usr/lib/jvm/java-8-oracle/jre/lib/rt.jar:/usr/lib/jvm/java-8-oracle/jre/lib/plugin.jar:/usr/lib/jvm/java-8-oracle/jre/lib/jfr.jar:/usr/lib/jvm/java-8-oracle/jre/lib/jfxswt.jar:/usr/lib/jvm/java-8-oracle/jre/lib/resources.jar:/usr/lib/jvm/java-8-oracle/jre/lib/javaws.jar:/usr/lib/jvm/java-8-oracle/jre/lib/charsets.jar:/usr/lib/jvm/java-8-oracle/jre/lib/jsse.jar:/usr/lib/jvm/java-8-oracle/jre/lib/ext/sunec.jar:/usr/lib/jvm/java-8-oracle/jre/lib/ext/sunpkcs11.jar:/usr/lib/jvm/java-8-oracle/jre/lib/ext/jaccess.jar:/usr/lib/jvm/java-8-oracle/jre/lib/ext/localedata.jar:/usr/lib/jvm/java-8-oracle/jre/lib/ext/zipfs.jar:/usr/lib/jvm/java-8-oracle/jre/lib/ext/jfxrt.jar:/usr/lib/jvm/java-8-oracle/jre/lib/ext/cldrdata.jar:/usr/lib/jvm/java-8-oracle/jre/lib/ext/sunjce_provider.jar:/usr/lib/jvm/java-8-oracle/jre/lib/ext/dnsns.jar:/usr/lib/jvm/java-8-oracle/jre/lib/ext/nashorn.jar:/home/murat/Dokumente/IS/ISP-03_v2/out/production/ISP-03_v2:/home/murat/programme/idea-IU-141.2735.5/lib/idea_rt.jar
Launcher Type: SUN_STANDARD

Environment Variables:
PATH=/usr/local/sbin:/usr/local/bin:/usr/sbin:/usr/bin:/sbin:/bin:/usr/games:/usr/local/games
LD_LIBRARY_PATH=/home/murat/programme/idea-IU-141.2735.5/bin:
SHELL=/bin/bash
DISPLAY=:0

Signal Handlers:
SIGSEGV: [libjvm.so+0xabb070], sa_mask[0]=11111111011111111101111111111110, sa_flags=SA_RESTART|SA_SIGINFO
SIGBUS: [libjvm.so+0xabb070], sa_mask[0]=11111111011111111101111111111110, sa_flags=SA_RESTART|SA_SIGINFO
SIGFPE: [libjvm.so+0x918480], sa_mask[0]=11111111011111111101111111111110, sa_flags=SA_RESTART|SA_SIGINFO
SIGPIPE: [libjvm.so+0x918480], sa_mask[0]=11111111011111111101111111111110, sa_flags=SA_RESTART|SA_SIGINFO
SIGXFSZ: [libjvm.so+0x918480], sa_mask[0]=11111111011111111101111111111110, sa_flags=SA_RESTART|SA_SIGINFO
SIGILL: [libjvm.so+0x918480], sa_mask[0]=11111111011111111101111111111110, sa_flags=SA_RESTART|SA_SIGINFO
SIGUSR1: SIG_DFL, sa_mask[0]=00000000000000000000000000000000, sa_flags=none
SIGUSR2: [libjvm.so+0x919ab0], sa_mask[0]=00100000000000000000000000000000, sa_flags=SA_RESTART|SA_SIGINFO
SIGHUP: [libjvm.so+0x91aeb0], sa_mask[0]=11111111011111111101111111111110, sa_flags=SA_RESTART|SA_SIGINFO
SIGINT: [libjvm.so+0x91aeb0], sa_mask[0]=11111111011111111101111111111110, sa_flags=SA_RESTART|SA_SIGINFO
SIGTERM: [libjvm.so+0x91aeb0], sa_mask[0]=11111111011111111101111111111110, sa_flags=SA_RESTART|SA_SIGINFO
SIGQUIT: [libjvm.so+0x91aeb0], sa_mask[0]=11111111011111111101111111111110, sa_flags=SA_RESTART|SA_SIGINFO


---------------  S Y S T E M  ---------------

OS:DISTRIB_ID=Ubuntu
DISTRIB_RELEASE=14.04
DISTRIB_CODENAME=trusty
DISTRIB_DESCRIPTION="Ubuntu 14.04.4 LTS"

uname:Linux 3.19.0-56-generic #62~14.04.1-Ubuntu SMP Fri Mar 11 11:03:15 UTC 2016 x86_64
libc:glibc 2.19 NPTL 2.19 
rlimit: STACK 8192k, CORE 0k, NPROC 30979, NOFILE 4096, AS infinity
load average:0,62 0,40 0,37

/proc/meminfo:
MemTotal:        7952188 kB
MemFree:         3481124 kB
MemAvailable:    5103108 kB
Buffers:          296156 kB
Cached:          1734172 kB
SwapCached:            0 kB
Active:          3075320 kB
Inactive:        1068696 kB
Active(anon):    2115180 kB
Inactive(anon):   349580 kB
Active(file):     960140 kB
Inactive(file):   719116 kB
Unevictable:          48 kB
Mlocked:              48 kB
SwapTotal:       9764860 kB
SwapFree:        9764860 kB
Dirty:               484 kB
Writeback:            40 kB
AnonPages:       2115876 kB
Mapped:           339348 kB
Shmem:            351076 kB
Slab:             229200 kB
SReclaimable:     196120 kB
SUnreclaim:        33080 kB
KernelStack:        9296 kB
PageTables:        33276 kB
NFS_Unstable:          0 kB
Bounce:                0 kB
WritebackTmp:          0 kB
CommitLimit:    13740952 kB
Committed_AS:    5950068 kB
VmallocTotal:   34359738367 kB
VmallocUsed:      359648 kB
VmallocChunk:   34359351296 kB
HardwareCorrupted:     0 kB
AnonHugePages:   1280000 kB
CmaTotal:              0 kB
CmaFree:               0 kB
HugePages_Total:       0
HugePages_Free:        0
HugePages_Rsvd:        0
HugePages_Surp:        0
Hugepagesize:       2048 kB
DirectMap4k:      141236 kB
DirectMap2M:     8024064 kB


CPU:total 4 (2 cores per cpu, 2 threads per core) family 6 model 58 stepping 9, cmov, cx8, fxsr, mmx, sse, sse2, sse3, ssse3, sse4.1, sse4.2, popcnt, avx, aes, clmul, erms, ht, tsc, tscinvbit, tscinv

/proc/cpuinfo:
processor	: 0
vendor_id	: GenuineIntel
cpu family	: 6
model		: 58
model name	: Intel(R) Core(TM) i5-3210M CPU @ 2.50GHz
stepping	: 9
microcode	: 0x12
cpu MHz		: 2899.902
cache size	: 3072 KB
physical id	: 0
siblings	: 4
core id		: 0
cpu cores	: 2
apicid		: 0
initial apicid	: 0
fpu		: yes
fpu_exception	: yes
cpuid level	: 13
wp		: yes
flags		: fpu vme de pse tsc msr pae mce cx8 apic sep mtrr pge mca cmov pat pse36 clflush dts acpi mmx fxsr sse sse2 ss ht tm pbe syscall nx rdtscp lm constant_tsc arch_perfmon pebs bts rep_good nopl xtopology nonstop_tsc aperfmperf eagerfpu pni pclmulqdq dtes64 monitor ds_cpl vmx est tm2 ssse3 cx16 xtpr pdcm pcid sse4_1 sse4_2 x2apic popcnt tsc_deadline_timer aes xsave avx f16c rdrand lahf_lm ida arat epb pln pts dtherm tpr_shadow vnmi flexpriority ept vpid fsgsbase smep erms xsaveopt
bugs		:
bogomips	: 4988.99
clflush size	: 64
cache_alignment	: 64
address sizes	: 36 bits physical, 48 bits virtual
power management:

processor	: 1
vendor_id	: GenuineIntel
cpu family	: 6
model		: 58
model name	: Intel(R) Core(TM) i5-3210M CPU @ 2.50GHz
stepping	: 9
microcode	: 0x12
cpu MHz		: 2899.902
cache size	: 3072 KB
physical id	: 0
siblings	: 4
core id		: 0
cpu cores	: 2
apicid		: 1
initial apicid	: 1
fpu		: yes
fpu_exception	: yes
cpuid level	: 13
wp		: yes
flags		: fpu vme de pse tsc msr pae mce cx8 apic sep mtrr pge mca cmov pat pse36 clflush dts acpi mmx fxsr sse sse2 ss ht tm pbe syscall nx rdtscp lm constant_tsc arch_perfmon pebs bts rep_good nopl xtopology nonstop_tsc aperfmperf eagerfpu pni pclmulqdq dtes64 monitor ds_cpl vmx est tm2 ssse3 cx16 xtpr pdcm pcid sse4_1 sse4_2 x2apic popcnt tsc_deadline_timer aes xsave avx f16c rdrand lahf_lm ida arat epb pln pts dtherm tpr_shadow vnmi flexpriority ept vpid fsgsbase smep erms xsaveopt
bugs		:
bogomips	: 4988.99
clflush size	: 64
cache_alignment	: 64
address sizes	: 36 bits physical, 48 bits virtual
power management:

processor	: 2
vendor_id	: GenuineIntel
cpu family	: 6
model		: 58
model name	: Intel(R) Core(TM) i5-3210M CPU @ 2.50GHz
stepping	: 9
microcode	: 0x12
cpu MHz		: 2900.000
cache size	: 3072 KB
physical id	: 0
siblings	: 4
core id		: 1
cpu cores	: 2
apicid		: 2
initial apicid	: 2
fpu		: yes
fpu_exception	: yes
cpuid level	: 13
wp		: yes
flags		: fpu vme de pse tsc msr pae mce cx8 apic sep mtrr pge mca cmov pat pse36 clflush dts acpi mmx fxsr sse sse2 ss ht tm pbe syscall nx rdtscp lm constant_tsc arch_perfmon pebs bts rep_good nopl xtopology nonstop_tsc aperfmperf eagerfpu pni pclmulqdq dtes64 monitor ds_cpl vmx est tm2 ssse3 cx16 xtpr pdcm pcid sse4_1 sse4_2 x2apic popcnt tsc_deadline_timer aes xsave avx f16c rdrand lahf_lm ida arat epb pln pts dtherm tpr_shadow vnmi flexpriority ept vpid fsgsbase smep erms xsaveopt
bugs		:
bogomips	: 4988.99
clflush size	: 64
cache_alignment	: 64
address sizes	: 36 bits physical, 48 bits virtual
power management:

processor	: 3
vendor_id	: GenuineIntel
cpu family	: 6
model		: 58
model name	: Intel(R) Core(TM) i5-3210M CPU @ 2.50GHz
stepping	: 9
microcode	: 0x12
cpu MHz		: 2899.902
cache size	: 3072 KB
physical id	: 0
siblings	: 4
core id		: 1
cpu cores	: 2
apicid		: 3
initial apicid	: 3
fpu		: yes
fpu_exception	: yes
cpuid level	: 13
wp		: yes
flags		: fpu vme de pse tsc msr pae mce cx8 apic sep mtrr pge mca cmov pat pse36 clflush dts acpi mmx fxsr sse sse2 ss ht tm pbe syscall nx rdtscp lm constant_tsc arch_perfmon pebs bts rep_good nopl xtopology nonstop_tsc aperfmperf eagerfpu pni pclmulqdq dtes64 monitor ds_cpl vmx est tm2 ssse3 cx16 xtpr pdcm pcid sse4_1 sse4_2 x2apic popcnt tsc_deadline_timer aes xsave avx f16c rdrand lahf_lm ida arat epb pln pts dtherm tpr_shadow vnmi flexpriority ept vpid fsgsbase smep erms xsaveopt
bugs		:
bogomips	: 4988.99
clflush size	: 64
cache_alignment	: 64
address sizes	: 36 bits physical, 48 bits virtual
power management:



Memory: 4k page, physical 7952188k(3480924k free), swap 9764860k(9764860k free)

vm_info: Java HotSpot(TM) 64-Bit Server VM (25.74-b02) for linux-amd64 JRE (1.8.0_74-b02), built on Jan 29 2016 19:20:56 by "java_re" with gcc 4.3.0 20080428 (Red Hat 4.3.0-8)

time: Wed Nov 30 16:58:27 2016
elapsed time: 636 seconds (0d 0h 10m 36s)

